<?xml version="1.0" encoding="UTF-8"?>
<document type="test-spec" version="1.0.0">
  <metadata>
    <last-updated>2025-08-12</last-updated>
    <test-type>brand-script-validation</test-type>
    <test-subject>Episode 1: The AI Paradox</test-subject>
  </metadata>

  <brand-script-test>
    <test-introduction>
      <script-content>
        <section name="Introduction">
          <content>Welcome to "Nobody Knows" - the podcast where we embrace what we don't understand about technology. I'm your host, and today we're exploring a fascinating question: How can AI be both incredibly smart and surprisingly dumb at the same time?</content>
        </section>

        <section name="The Mystery">
          <content>Here's something curious - AI can beat world champions at chess, but it might struggle to understand why a joke is funny. We don't really know why this happens. Perhaps it's because intelligence isn't just one thing? Maybe there are different types of understanding?</content>
        </section>

        <section name="What We Think We Know">
          <content>Some researchers believe AI processes information differently than humans. Others wonder if we're even asking the right questions. The truth is, nobody knows for sure how consciousness emerges from computation - or if it even does.</content>
        </section>

        <section name="Questions to Ponder">
          <content>
            - What if intelligence isn't what we think it is?
            - Could there be forms of understanding we haven't imagined yet?
            - Have you ever wondered why AI can write poetry but might not "feel" the emotions in it?
          </content>
        </section>

        <section name="The Uncertainty">
          <content>It's absolutely clear that... wait, no, that's not right. Let me rephrase: It seems like AI development is accelerating, but we're still learning what that means. We might be wrong about where this is all heading. And that's okay - uncertainty is where discovery begins.</content>
        </section>

        <section name="Closing Thoughts">
          <content>The more we learn about AI, the more questions arise. And perhaps that's the most human thing about this whole endeavor - our endless curiosity about what we don't yet understand. Nobody knows where this journey will take us, and that's precisely what makes it exciting.</content>
        </section>

        <section name="Engagement">
          <content>What do you think? What mysteries about AI keep you up at night? We'd love to hear your thoughts, because honestly, we're all figuring this out together.</content>
        </section>
      </script-content>
    </test-introduction>

    <brand-voice-analysis>
      <humility-markers>
        <marker>"we don't understand"</marker>
        <marker>"We don't really know why"</marker>
        <marker>"Perhaps it's because"</marker>
        <marker>"Maybe there are"</marker>
        <marker>"Some researchers believe"</marker>
        <marker>"Others wonder if"</marker>
        <marker>"nobody knows for sure"</marker>
        <marker>"we're still learning"</marker>
        <marker>"We might be wrong"</marker>
        <marker>"And that's okay"</marker>
        <marker>"And perhaps"</marker>
        <marker>"Nobody knows"</marker>
        <marker>"honestly, we're all figuring this out"</marker>
      </humility-markers>

      <curiosity-markers>
        <marker>"fascinating question"</marker>
        <marker>"Here's something curious"</marker>
        <marker>"What if intelligence isn't what we think it is?"</marker>
        <marker>"Could there be forms of understanding we haven't imagined yet?"</marker>
        <marker>"Have you ever wondered why"</marker>
        <marker>"What do you think?"</marker>
        <marker>"What mysteries about AI keep you up at night?"</marker>
      </curiosity-markers>

      <uncertainty-celebration>
        <marker>"uncertainty is where discovery begins"</marker>
        <marker>"that's precisely what makes it exciting"</marker>
        <marker>"our endless curiosity about what we don't yet understand"</marker>
      </uncertainty-celebration>

      <engagement-elements>
        <marker>Direct audience address: "What do you think?"</marker>
        <marker>Personal connection: "We'd love to hear your thoughts"</marker>
        <marker>Inclusive language: "we're all figuring this out together"</marker>
      </engagement-elements>
    </brand-voice-analysis>

    <brand-consistency-evaluation>
      <intellectual-humility-score>
        <word-count>approximately 300 words</word-count>
        <humility-phrases>13 instances</humility-phrases>
        <humility-per-1000>approximately 43 per 1000 words</humility-per-1000>
        <assessment>EXCELLENT - Well above target of 5 per 1000 words</assessment>
      </intellectual-humility-score>

      <curiosity-score>
        <question-count>7 questions</question-count>
        <questions-per-1000>approximately 23 per 1000 words</questions-per-1000>
        <assessment>EXCELLENT - Well above target of 4 per 1000 words</assessment>
      </curiosity-score>

      <brand-philosophy-alignment>
        <nobody-knows-theme>Strong throughout - title mentioned and reinforced</nobody-knows-theme>
        <uncertainty-embrace>Explicitly celebrated as positive</uncertainty-embrace>
        <discovery-focus>Positioned as exciting journey rather than problem</discovery-focus>
        <assessment>PERFECT ALIGNMENT with "Nobody Knows" brand philosophy</assessment>
      </brand-philosophy-alignment>
    </brand-consistency-evaluation>

    <technical-accuracy-check>
      <factual-claims>
        <claim accuracy="accurate">AI can beat world champions at chess</claim>
        <claim accuracy="reasonable">AI might struggle to understand humor</claim>
        <claim accuracy="accurate">Questions about consciousness and computation are unresolved</claim>
        <claim accuracy="accurate">AI development appears to be accelerating</claim>
      </factual-claims>
      <overall-accuracy>HIGH - No factual errors detected</overall-accuracy>
    </technical-accuracy-check>

    <engagement-assessment>
      <narrative-flow>Smooth progression from mystery to exploration to invitation</narrative-flow>
      <hook-strength>Strong opening with intriguing paradox</hook-strength>
      <audience-connection>Direct questions and inclusive language</audience-connection>
      <energy-level>Conversational and inviting without being overly excited</energy-level>
      <overall-engagement>HIGH - Maintains interest throughout</overall-engagement>
    </engagement-assessment>

    <audio-optimization-check>
      <sentence-length>Most sentences under 25 words âœ“</sentence-length>
      <numbers>None requiring spelling out</numbers>
      <abbreviations>AI used consistently (acceptable)</abbreviations>
      <forbidden-elements>None detected</forbidden-elements>
      <natural-speech-patterns>Conversational tone with natural pauses</natural-speech-patterns>
      <overall-audio-readiness>HIGH - Ready for audio synthesis</overall-audio-readiness>
    </audio-optimization-check>

    <comprehensive-quality-assessment>
      <comprehension-score>0.90 - Clear and accessible language</comprehension-score>
      <brand-consistency-score>0.95 - Excellent humility and curiosity markers</brand-consistency-score>
      <engagement-score>0.88 - Strong hooks and audience connection</engagement-score>
      <technical-accuracy-score>0.92 - Factually sound with appropriate caveats</technical-accuracy-score>
      <overall-quality-score>0.91 - EXCEEDS all quality gate thresholds</overall-quality-score>
    </comprehensive-quality-assessment>

    <test-validation-results>
      <brand-voice-validation status="PASSED">
        <result>Script demonstrates perfect "Nobody Knows" brand voice</result>
        <result>Intellectual humility markers significantly exceed targets</result>
        <result>Curiosity and wonder elements abundantly present</result>
        <result>Uncertainty celebrated as positive and exciting</result>
      </brand-voice-validation>

      <quality-gate-validation status="PASSED">
        <result>All quality thresholds exceeded</result>
        <result>No revisions required</result>
        <result>Ready for audio synthesis</result>
      </quality-gate-validation>

      <educational-value status="VERIFIED">
        <result>Script teaches while entertaining</result>
        <result>Complex concepts made accessible</result>
        <result>Encourages critical thinking</result>
        <result>Models intellectual humility</result>
      </educational-value>
    </test-validation-results>

    <test-conclusion>
      <status>EXEMPLARY BRAND SCRIPT</status>
      <summary>This script perfectly embodies the "Nobody Knows" brand philosophy with exceptional intellectual humility, genuine curiosity, and celebration of uncertainty. It exceeds all quality gates and serves as an excellent template for future episodes.</summary>
      <recommendation>USE AS PRODUCTION TEMPLATE for brand voice standards</recommendation>
    </test-conclusion>
  </brand-script-test>
</document>
